path mismatch [2 links]: ino 3054825 db '/run/shm/sem.mp31950-0' req '/run/shm/sem.S1AinJ'.
path mismatch [2 links]: ino 3054835 db '/run/shm/sem.mp31961-0' req '/run/shm/sem.69rjbV'.
path mismatch [2 links]: ino 3056062 db '/run/shm/sem.mp31961-1' req '/run/shm/sem.5D7cWl'.
path mismatch [2 links]: ino 3056063 db '/run/shm/sem.mp31961-2' req '/run/shm/sem.UIY9GM'.
path mismatch [2 links]: ino 3056065 db '/run/shm/sem.mp31961-3' req '/run/shm/sem.V8oasd'.
path mismatch [2 links]: ino 3056066 db '/run/shm/sem.mp31961-4' req '/run/shm/sem.gvtddE'.
path mismatch [2 links]: ino 3061400 db '/run/shm/sem.mp2090-0' req '/run/shm/sem.7JevGY'.
path mismatch [2 links]: ino 3172157 db '/home/faheem/fsl-community-bsp/build-openrex/tmp/work/imx6q_openrex-poky-linux-gnueabi/u-boot-openrex/v2015.10+gitAUTOINC+7d8ddd7de7-r0/pkgdata/u-boot-openrex' req '/home/faheem/fsl-community-bsp/build-openrex/tmp/sysroots/imx6q-openrex/pkgdata/u-boot-openrex'.
path mismatch [2 links]: ino 3968545 db '/home/faheem/fsl-community-bsp/build-openrex/tmp/work/imx6q_openrex-poky-linux-gnueabi/u-boot-openrex/v2015.10+gitAUTOINC+7d8ddd7de7-r0/pkgdata/runtime/u-boot-openrex-dbg' req '/home/faheem/fsl-community-bsp/build-openrex/tmp/sysroots/imx6q-openrex/pkgdata/runtime/u-boot-openrex-dbg'.
path mismatch [2 links]: ino 3968548 db '/home/faheem/fsl-community-bsp/build-openrex/tmp/work/imx6q_openrex-poky-linux-gnueabi/u-boot-openrex/v2015.10+gitAUTOINC+7d8ddd7de7-r0/pkgdata/runtime/u-boot-openrex-staticdev' req '/home/faheem/fsl-community-bsp/build-openrex/tmp/sysroots/imx6q-openrex/pkgdata/runtime/u-boot-openrex-staticdev'.
path mismatch [2 links]: ino 3968549 db '/home/faheem/fsl-community-bsp/build-openrex/tmp/work/imx6q_openrex-poky-linux-gnueabi/u-boot-openrex/v2015.10+gitAUTOINC+7d8ddd7de7-r0/pkgdata/runtime/u-boot-openrex-dev' req '/home/faheem/fsl-community-bsp/build-openrex/tmp/sysroots/imx6q-openrex/pkgdata/runtime/u-boot-openrex-dev'.
path mismatch [2 links]: ino 3968552 db '/home/faheem/fsl-community-bsp/build-openrex/tmp/work/imx6q_openrex-poky-linux-gnueabi/u-boot-openrex/v2015.10+gitAUTOINC+7d8ddd7de7-r0/pkgdata/runtime/u-boot-openrex-doc' req '/home/faheem/fsl-community-bsp/build-openrex/tmp/sysroots/imx6q-openrex/pkgdata/runtime/u-boot-openrex-doc'.
path mismatch [2 links]: ino 3968553 db '/home/faheem/fsl-community-bsp/build-openrex/tmp/work/imx6q_openrex-poky-linux-gnueabi/u-boot-openrex/v2015.10+gitAUTOINC+7d8ddd7de7-r0/pkgdata/runtime/u-boot-openrex-locale' req '/home/faheem/fsl-community-bsp/build-openrex/tmp/sysroots/imx6q-openrex/pkgdata/runtime/u-boot-openrex-locale'.
path mismatch [2 links]: ino 3968554 db '/home/faheem/fsl-community-bsp/build-openrex/tmp/work/imx6q_openrex-poky-linux-gnueabi/u-boot-openrex/v2015.10+gitAUTOINC+7d8ddd7de7-r0/pkgdata/runtime/u-boot-openrex' req '/home/faheem/fsl-community-bsp/build-openrex/tmp/sysroots/imx6q-openrex/pkgdata/runtime/u-boot-openrex'.
path mismatch [2 links]: ino 3968549 db '/home/faheem/fsl-community-bsp/build-openrex/tmp/work/imx6q_openrex-poky-linux-gnueabi/u-boot-openrex/v2015.10+gitAUTOINC+7d8ddd7de7-r0/pkgdata/runtime/u-boot-openrex-dev' req '/home/faheem/fsl-community-bsp/build-openrex/tmp/sysroots/imx6q-openrex/pkgdata/runtime/u-boot-openrex-dev'.
path mismatch [2 links]: ino 3968549 db '/home/faheem/fsl-community-bsp/build-openrex/tmp/work/imx6q_openrex-poky-linux-gnueabi/u-boot-openrex/v2015.10+gitAUTOINC+7d8ddd7de7-r0/pkgdata/runtime/u-boot-openrex-dev' req '/home/faheem/fsl-community-bsp/build-openrex/tmp/sysroots/imx6q-openrex/pkgdata/runtime/u-boot-openrex-dev'.
path mismatch [2 links]: ino 3968554 db '/home/faheem/fsl-community-bsp/build-openrex/tmp/work/imx6q_openrex-poky-linux-gnueabi/u-boot-openrex/v2015.10+gitAUTOINC+7d8ddd7de7-r0/pkgdata/runtime/u-boot-openrex' req '/home/faheem/fsl-community-bsp/build-openrex/tmp/sysroots/imx6q-openrex/pkgdata/runtime/u-boot-openrex'.
path mismatch [2 links]: ino 3968554 db '/home/faheem/fsl-community-bsp/build-openrex/tmp/work/imx6q_openrex-poky-linux-gnueabi/u-boot-openrex/v2015.10+gitAUTOINC+7d8ddd7de7-r0/pkgdata/runtime/u-boot-openrex' req '/home/faheem/fsl-community-bsp/build-openrex/tmp/sysroots/imx6q-openrex/pkgdata/runtime/u-boot-openrex'.
path mismatch [2 links]: ino 3090277 db '/run/shm/sem.mp11109-0' req '/run/shm/sem.ICOvSa'.
path mismatch [2 links]: ino 3172157 db '/home/faheem/fsl-community-bsp/build-openrex/tmp/work/imx6q_openrex-poky-linux-gnueabi/u-boot-openrex/v2015.10+gitAUTOINC+7d8ddd7de7-r0/pkgdata/u-boot-openrex' req '/home/faheem/fsl-community-bsp/build-openrex/tmp/sysroots/imx6q-openrex/pkgdata/u-boot-openrex'.
path mismatch [2 links]: ino 3968545 db '/home/faheem/fsl-community-bsp/build-openrex/tmp/work/imx6q_openrex-poky-linux-gnueabi/u-boot-openrex/v2015.10+gitAUTOINC+7d8ddd7de7-r0/pkgdata/runtime/u-boot-openrex-dbg' req '/home/faheem/fsl-community-bsp/build-openrex/tmp/sysroots/imx6q-openrex/pkgdata/runtime/u-boot-openrex-dbg'.
path mismatch [2 links]: ino 3968548 db '/home/faheem/fsl-community-bsp/build-openrex/tmp/work/imx6q_openrex-poky-linux-gnueabi/u-boot-openrex/v2015.10+gitAUTOINC+7d8ddd7de7-r0/pkgdata/runtime/u-boot-openrex-staticdev' req '/home/faheem/fsl-community-bsp/build-openrex/tmp/sysroots/imx6q-openrex/pkgdata/runtime/u-boot-openrex-staticdev'.
path mismatch [2 links]: ino 3968549 db '/home/faheem/fsl-community-bsp/build-openrex/tmp/work/imx6q_openrex-poky-linux-gnueabi/u-boot-openrex/v2015.10+gitAUTOINC+7d8ddd7de7-r0/pkgdata/runtime/u-boot-openrex-dev' req '/home/faheem/fsl-community-bsp/build-openrex/tmp/sysroots/imx6q-openrex/pkgdata/runtime/u-boot-openrex-dev'.
path mismatch [2 links]: ino 3968552 db '/home/faheem/fsl-community-bsp/build-openrex/tmp/work/imx6q_openrex-poky-linux-gnueabi/u-boot-openrex/v2015.10+gitAUTOINC+7d8ddd7de7-r0/pkgdata/runtime/u-boot-openrex-doc' req '/home/faheem/fsl-community-bsp/build-openrex/tmp/sysroots/imx6q-openrex/pkgdata/runtime/u-boot-openrex-doc'.
path mismatch [2 links]: ino 3968553 db '/home/faheem/fsl-community-bsp/build-openrex/tmp/work/imx6q_openrex-poky-linux-gnueabi/u-boot-openrex/v2015.10+gitAUTOINC+7d8ddd7de7-r0/pkgdata/runtime/u-boot-openrex-locale' req '/home/faheem/fsl-community-bsp/build-openrex/tmp/sysroots/imx6q-openrex/pkgdata/runtime/u-boot-openrex-locale'.
path mismatch [2 links]: ino 3968554 db '/home/faheem/fsl-community-bsp/build-openrex/tmp/work/imx6q_openrex-poky-linux-gnueabi/u-boot-openrex/v2015.10+gitAUTOINC+7d8ddd7de7-r0/pkgdata/runtime/u-boot-openrex' req '/home/faheem/fsl-community-bsp/build-openrex/tmp/sysroots/imx6q-openrex/pkgdata/runtime/u-boot-openrex'.
path mismatch [2 links]: ino 3968548 db '/home/faheem/fsl-community-bsp/build-openrex/tmp/work/imx6q_openrex-poky-linux-gnueabi/u-boot-openrex/v2015.10+gitAUTOINC+7d8ddd7de7-r0/pkgdata/runtime/u-boot-openrex-staticdev' req '/home/faheem/fsl-community-bsp/build-openrex/tmp/sysroots/imx6q-openrex/pkgdata/runtime/u-boot-openrex-staticdev'.
path mismatch [2 links]: ino 3968553 db '/home/faheem/fsl-community-bsp/build-openrex/tmp/work/imx6q_openrex-poky-linux-gnueabi/u-boot-openrex/v2015.10+gitAUTOINC+7d8ddd7de7-r0/pkgdata/runtime/u-boot-openrex-locale' req '/home/faheem/fsl-community-bsp/build-openrex/tmp/sysroots/imx6q-openrex/pkgdata/runtime/u-boot-openrex-locale'.
path mismatch [2 links]: ino 3968554 db '/home/faheem/fsl-community-bsp/build-openrex/tmp/work/imx6q_openrex-poky-linux-gnueabi/u-boot-openrex/v2015.10+gitAUTOINC+7d8ddd7de7-r0/pkgdata/runtime/u-boot-openrex' req '/home/faheem/fsl-community-bsp/build-openrex/tmp/sysroots/imx6q-openrex/pkgdata/runtime/u-boot-openrex'.
path mismatch [2 links]: ino 3968552 db '/home/faheem/fsl-community-bsp/build-openrex/tmp/work/imx6q_openrex-poky-linux-gnueabi/u-boot-openrex/v2015.10+gitAUTOINC+7d8ddd7de7-r0/pkgdata/runtime/u-boot-openrex-doc' req '/home/faheem/fsl-community-bsp/build-openrex/tmp/sysroots/imx6q-openrex/pkgdata/runtime/u-boot-openrex-doc'.
path mismatch [2 links]: ino 3968549 db '/home/faheem/fsl-community-bsp/build-openrex/tmp/work/imx6q_openrex-poky-linux-gnueabi/u-boot-openrex/v2015.10+gitAUTOINC+7d8ddd7de7-r0/pkgdata/runtime/u-boot-openrex-dev' req '/home/faheem/fsl-community-bsp/build-openrex/tmp/sysroots/imx6q-openrex/pkgdata/runtime/u-boot-openrex-dev'.
